<?xml version="1.0" encoding="UTF-8"?>
<testsuite xmlns:xsi="http://www.w3.org/2001/XMLSchema-instance" xsi:noNamespaceSchemaLocation="https://maven.apache.org/surefire/maven-surefire-plugin/xsd/surefire-test-report-3.0.xsd" version="3.0" name="org.solution.AnagramUtilMethodsTest" time="0.064" tests="3" errors="0" skipped="0" failures="0">
  <properties>
[...]
</properties>
  <testcase name="anagramCheck" classname="org.solution.AnagramUtilMethodsTest" time="0.032"/>
  <testcase name="testIsDuplicateEntry" classname="org.solution.AnagramUtilMethodsTest" time="0.007">
    <system-out><![CDATA[You have previously checked these words and they were Not anagrams of each other. Please try again...
You have previously checked these words and they were Not anagrams of each other. Please try again...
]]></system-out>
  </testcase>
  <testcase name="testPopulateCache" classname="org.solution.AnagramUtilMethodsTest" time="0.001">
    <system-out><![CDATA[Error.
]]></system-out>
  </testcase>
</testsuite>